[0511/110123.655:ERROR:process_memory_win.cc(73)] ReadMemory at 0x7ff6e5b30000 of 64 bytes failed: Only part of a ReadProcessMemory or WriteProcessMemory request was completed. (0x12B)
[0511/110123.720:WARNING:pe_image_reader.cc(340)] could not read dos header from C:\Program Files (x86)\Google\Chrome\Application\chrome.exe
[0511/110123.720:ERROR:process_memory_win.cc(73)] ReadMemory at 0x7ff997040000 of 64 bytes failed: Only part of a ReadProcessMemory or WriteProcessMemory request was completed. (0x12B)
[0511/110123.720:WARNING:pe_image_reader.cc(340)] could not read dos header from C:\WINDOWS\SYSTEM32\ntdll.dll
[0511/110123.720:ERROR:process_memory_win.cc(73)] ReadMemory at 0x7ff994570000 of 64 bytes failed: Only part of a ReadProcessMemory or WriteProcessMemory request was completed. (0x12B)
[0511/110123.721:WARNING:pe_image_reader.cc(340)] could not read dos header from C:\WINDOWS\System32\KERNEL32.DLL
[0511/110123.722:ERROR:process_memory_win.cc(73)] ReadMemory at 0x7ff993670000 of 64 bytes failed: Only part of a ReadProcessMemory or WriteProcessMemory request was completed. (0x12B)
[0511/110123.722:WARNING:pe_image_reader.cc(340)] could not read dos header from C:\WINDOWS\System32\KERNELBASE.dll
[0511/110123.722:ERROR:process_memory_win.cc(73)] ReadMemory at 0x7ff990f60000 of 64 bytes failed: Only part of a ReadProcessMemory or WriteProcessMemory request was completed. (0x12B)
[0511/110123.722:WARNING:pe_image_reader.cc(340)] could not read dos header from C:\WINDOWS\SYSTEM32\apphelp.dll
[0511/110123.722:ERROR:process_memory_win.cc(73)] ReadMemory at 0x7ff994b90000 of 64 bytes failed: Only part of a ReadProcessMemory or WriteProcessMemory request was completed. (0x12B)
[0511/110123.722:WARNING:pe_image_reader.cc(340)] could not read dos header from C:\WINDOWS\System32\SHELL32.dll
[0511/110123.722:ERROR:process_memory_win.cc(73)] ReadMemory at 0x7ff9965c0000 of 64 bytes failed: Only part of a ReadProcessMemory or WriteProcessMemory request was completed. (0x12B)
[0511/110123.722:WARNING:pe_image_reader.cc(340)] could not read dos header from C:\WINDOWS\System32\msvcrt.dll
[0511/110123.722:ERROR:process_memory_win.cc(73)] ReadMemory at 0x7ff993620000 of 64 bytes failed: Only part of a ReadProcessMemory or WriteProcessMemory request was completed. (0x12B)
[0511/110123.722:WARNING:pe_image_reader.cc(340)] could not read dos header from C:\WINDOWS\System32\cfgmgr32.dll
[0511/110123.722:ERROR:process_memory_win.cc(73)] ReadMemory at 0x7ff9934c0000 of 64 bytes failed: Only part of a ReadProcessMemory or WriteProcessMemory request was completed. (0x12B)
[0511/110123.723:WARNING:pe_image_reader.cc(340)] could not read dos header from C:\WINDOWS\System32\ucrtbase.dll
[0511/110123.723:ERROR:process_memory_win.cc(73)] ReadMemory at 0x7ff996b10000 of 64 bytes failed: Only part of a ReadProcessMemory or WriteProcessMemory request was completed. (0x12B)
[0511/110123.723:WARNING:pe_image_reader.cc(340)] could not read dos header from C:\WINDOWS\System32\shcore.dll
[0511/110123.723:ERROR:process_memory_win.cc(73)] ReadMemory at 0x7ff994a00000 of 64 bytes failed: Only part of a ReadProcessMemory or WriteProcessMemory request was completed. (0x12B)
[0511/110123.723:WARNING:pe_image_reader.cc(340)] could not read dos header from C:\WINDOWS\System32\RPCRT4.dll
[0511/110123.723:ERROR:process_memory_win.cc(73)] ReadMemory at 0x7ff996130000 of 64 bytes failed: Only part of a ReadProcessMemory or WriteProcessMemory request was completed. (0x12B)
[0511/110123.723:WARNING:pe_image_reader.cc(340)] could not read dos header from C:\WINDOWS\System32\combase.dll
[0511/110123.723:ERROR:process_memory_win.cc(73)] ReadMemory at 0x7ff993ca0000 of 64 bytes failed: Only part of a ReadProcessMemory or WriteProcessMemory request was completed. (0x12B)
[0511/110123.723:WARNING:pe_image_reader.cc(340)] could not read dos header from C:\WINDOWS\System32\bcryptPrimitives.dll
[0511/110123.723:ERROR:process_memory_win.cc(73)] ReadMemory at 0x7ff993d20000 of 64 bytes failed: Only part of a ReadProcessMemory or WriteProcessMemory request was completed. (0x12B)
[0511/110123.724:WARNING:pe_image_reader.cc(340)] could not read dos header from C:\WINDOWS\System32\windows.storage.dll
[0511/110123.724:ERROR:process_memory_win.cc(73)] ReadMemory at 0x7ff9948c0000 of 64 bytes failed: Only part of a ReadProcessMemory or WriteProcessMemory request was completed. (0x12B)
[0511/110123.724:WARNING:pe_image_reader.cc(340)] could not read dos header from C:\WINDOWS\System32\advapi32.dll
[0511/110123.724:ERROR:process_memory_win.cc(73)] ReadMemory at 0x7ff995fd0000 of 64 bytes failed: Only part of a ReadProcessMemory or WriteProcessMemory request was completed. (0x12B)
[0511/110123.724:WARNING:pe_image_reader.cc(340)] could not read dos header from C:\WINDOWS\System32\sechost.dll
[0511/110123.724:ERROR:process_memory_win.cc(73)] ReadMemory at 0x7ff994b30000 of 64 bytes failed: Only part of a ReadProcessMemory or WriteProcessMemory request was completed. (0x12B)
[0511/110123.724:WARNING:pe_image_reader.cc(340)] could not read dos header from C:\WINDOWS\System32\shlwapi.dll
[0511/110123.724:ERROR:process_memory_win.cc(73)] ReadMemory at 0x7ff996680000 of 64 bytes failed: Only part of a ReadProcessMemory or WriteProcessMemory request was completed. (0x12B)
[0511/110123.725:WARNING:pe_image_reader.cc(340)] could not read dos header from C:\WINDOWS\System32\GDI32.dll
[0511/110123.725:ERROR:process_memory_win.cc(73)] ReadMemory at 0x7ff9938f0000 of 64 bytes failed: Only part of a ReadProcessMemory or WriteProcessMemory request was completed. (0x12B)
[0511/110123.725:WARNING:pe_image_reader.cc(340)] could not read dos header from C:\WINDOWS\System32\gdi32full.dll
[0511/110123.726:ERROR:process_memory_win.cc(73)] ReadMemory at 0x7ff994430000 of 64 bytes failed: Only part of a ReadProcessMemory or WriteProcessMemory request was completed. (0x12B)
[0511/110123.726:WARNING:pe_image_reader.cc(340)] could not read dos header from C:\WINDOWS\System32\msvcp_win.dll
[0511/110123.726:ERROR:process_memory_win.cc(73)] ReadMemory at 0x7ff9968b0000 of 64 bytes failed: Only part of a ReadProcessMemory or WriteProcessMemory request was completed. (0x12B)
[0511/110123.726:WARNING:pe_image_reader.cc(340)] could not read dos header from C:\WINDOWS\System32\USER32.dll
[0511/110123.726:ERROR:process_memory_win.cc(73)] ReadMemory at 0x7ff993c80000 of 64 bytes failed: Only part of a ReadProcessMemory or WriteProcessMemory request was completed. (0x12B)
[0511/110123.726:WARNING:pe_image_reader.cc(340)] could not read dos header from C:\WINDOWS\System32\win32u.dll
[0511/110123.726:ERROR:process_memory_win.cc(73)] ReadMemory at 0x7ff9933f0000 of 64 bytes failed: Only part of a ReadProcessMemory or WriteProcessMemory request was completed. (0x12B)
[0511/110123.726:WARNING:pe_image_reader.cc(340)] could not read dos header from C:\WINDOWS\System32\kernel.appcore.dll
[0511/110123.727:ERROR:process_memory_win.cc(73)] ReadMemory at 0x7ff9933b0000 of 64 bytes failed: Only part of a ReadProcessMemory or WriteProcessMemory request was completed. (0x12B)
[0511/110123.727:WARNING:pe_image_reader.cc(340)] could not read dos header from C:\WINDOWS\System32\profapi.dll
[0511/110123.727:ERROR:process_memory_win.cc(73)] ReadMemory at 0x7ff993350000 of 64 bytes failed: Only part of a ReadProcessMemory or WriteProcessMemory request was completed. (0x12B)
[0511/110123.727:WARNING:pe_image_reader.cc(340)] could not read dos header from C:\WINDOWS\System32\powrprof.dll
[0511/110123.727:ERROR:process_memory_win.cc(73)] ReadMemory at 0x7ff9933a0000 of 64 bytes failed: Only part of a ReadProcessMemory or WriteProcessMemory request was completed. (0x12B)
[0511/110123.727:WARNING:pe_image_reader.cc(340)] could not read dos header from C:\WINDOWS\System32\FLTLIB.DLL
[0511/110123.727:ERROR:process_memory_win.cc(73)] ReadMemory at 0x7ff963880000 of 64 bytes failed: Only part of a ReadProcessMemory or WriteProcessMemory request was completed. (0x12B)
[0511/110123.727:WARNING:pe_image_reader.cc(340)] could not read dos header from C:\Program Files (x86)\Google\Chrome\Application\73.0.3683.103\chrome_elf.dll
[0511/110123.727:ERROR:process_memory_win.cc(73)] ReadMemory at 0x7ff98a960000 of 64 bytes failed: Only part of a ReadProcessMemory or WriteProcessMemory request was completed. (0x12B)
[0511/110123.728:WARNING:pe_image_reader.cc(340)] could not read dos header from C:\WINDOWS\SYSTEM32\VERSION.dll
[0511/110123.728:ERROR:process_memory_win.cc(73)] ReadMemory at 0x7ff9913a0000 of 64 bytes failed: Only part of a ReadProcessMemory or WriteProcessMemory request was completed. (0x12B)
[0511/110123.728:WARNING:pe_image_reader.cc(340)] could not read dos header from C:\WINDOWS\SYSTEM32\WINMM.dll
[0511/110123.728:ERROR:process_memory_win.cc(73)] ReadMemory at 0x7ff993250000 of 64 bytes failed: Only part of a ReadProcessMemory or WriteProcessMemory request was completed. (0x12B)
[0511/110123.728:WARNING:pe_image_reader.cc(340)] could not read dos header from C:\WINDOWS\SYSTEM32\USERENV.dll
[0511/110123.728:ERROR:process_memory_win.cc(73)] ReadMemory at 0x7ff991370000 of 64 bytes failed: Only part of a ReadProcessMemory or WriteProcessMemory request was completed. (0x12B)
[0511/110123.729:WARNING:pe_image_reader.cc(340)] could not read dos header from C:\WINDOWS\SYSTEM32\WINMMBASE.dll
[0511/110123.729:ERROR:process_memory_win.cc(73)] ReadMemory at 0x7ff992fc0000 of 64 bytes failed: Only part of a ReadProcessMemory or WriteProcessMemory request was completed. (0x12B)
[0511/110123.729:WARNING:pe_image_reader.cc(340)] could not read dos header from C:\WINDOWS\SYSTEM32\CRYPTBASE.DLL
[0511/110123.729:ERROR:process_memory_win.cc(73)] ReadMemory at 0x7ff9949d0000 of 64 bytes failed: Only part of a ReadProcessMemory or WriteProcessMemory request was completed. (0x12B)
[0511/110123.729:WARNING:pe_image_reader.cc(340)] could not read dos header from C:\WINDOWS\System32\IMM32.DLL
[0511/110123.729:ERROR:process_memory_win.cc(73)] ReadMemory at 0x7ff91de60000 of 64 bytes failed: Only part of a ReadProcessMemory or WriteProcessMemory request was completed. (0x12B)
[0511/110123.729:WARNING:pe_image_reader.cc(340)] could not read dos header from C:\Program Files (x86)\Google\Chrome\Application\73.0.3683.103\chrome_child.dll
[0511/110123.729:ERROR:process_memory_win.cc(73)] ReadMemory at 0x7ff9960c0000 of 64 bytes failed: Only part of a ReadProcessMemory or WriteProcessMemory request was completed. (0x12B)
[0511/110123.729:WARNING:pe_image_reader.cc(340)] could not read dos header from C:\WINDOWS\System32\WS2_32.dll
[0511/110123.729:ERROR:process_memory_win.cc(73)] ReadMemory at 0x7ff996460000 of 64 bytes failed: Only part of a ReadProcessMemory or WriteProcessMemory request was completed. (0x12B)
[0511/110123.729:WARNING:pe_image_reader.cc(340)] could not read dos header from C:\WINDOWS\System32\ole32.dll
[0511/110123.730:ERROR:process_memory_win.cc(73)] ReadMemory at 0x7ff996a40000 of 64 bytes failed: Only part of a ReadProcessMemory or WriteProcessMemory request was completed. (0x12B)
[0511/110123.730:WARNING:pe_image_reader.cc(340)] could not read dos header from C:\WINDOWS\System32\OLEAUT32.dll
[0511/110123.730:ERROR:process_memory_win.cc(73)] ReadMemory at 0x7ff9935c0000 of 64 bytes failed: Only part of a ReadProcessMemory or WriteProcessMemory request was completed. (0x12B)
[0511/110123.730:WARNING:pe_image_reader.cc(340)] could not read dos header from C:\WINDOWS\System32\WINTRUST.dll
[0511/110123.730:ERROR:process_memory_win.cc(73)] ReadMemory at 0x7ff9933d0000 of 64 bytes failed: Only part of a ReadProcessMemory or WriteProcessMemory request was completed. (0x12B)
[0511/110123.730:WARNING:pe_image_reader.cc(340)] could not read dos header from C:\WINDOWS\System32\MSASN1.dll
[0511/110123.730:ERROR:process_memory_win.cc(73)] ReadMemory at 0x7ff993a90000 of 64 bytes failed: Only part of a ReadProcessMemory or WriteProcessMemory request was completed. (0x12B)
[0511/110123.731:WARNING:pe_image_reader.cc(340)] could not read dos header from C:\WINDOWS\System32\CRYPT32.dll
[0511/110123.731:ERROR:process_memory_win.cc(73)] ReadMemory at 0x7ff9947d0000 of 64 bytes failed: Only part of a ReadProcessMemory or WriteProcessMemory request was completed. (0x12B)
[0511/110123.731:WARNING:pe_image_reader.cc(340)] could not read dos header from C:\WINDOWS\System32\COMDLG32.dll
[0511/110123.731:ERROR:process_memory_win.cc(73)] ReadMemory at 0x7ff992950000 of 64 bytes failed: Only part of a ReadProcessMemory or WriteProcessMemory request was completed. (0x12B)
[0511/110123.731:WARNING:pe_image_reader.cc(340)] could not read dos header from C:\WINDOWS\SYSTEM32\IPHLPAPI.DLL
[0511/110123.731:ERROR:process_memory_win.cc(73)] ReadMemory at 0x7ff985f40000 of 64 bytes failed: Only part of a ReadProcessMemory or WriteProcessMemory request was completed. (0x12B)
[0511/110123.731:WARNING:pe_image_reader.cc(340)] could not read dos header from C:\WINDOWS\SYSTEM32\OLEACC.dll
[0511/110123.731:ERROR:process_memory_win.cc(73)] ReadMemory at 0x7ff989650000 of 64 bytes failed: Only part of a ReadProcessMemory or WriteProcessMemory request was completed. (0x12B)
[0511/110123.731:WARNING:pe_image_reader.cc(340)] could not read dos header from C:\WINDOWS\SYSTEM32\DWrite.dll
[0511/110123.731:ERROR:process_memory_win.cc(73)] ReadMemory at 0x7ff992110000 of 64 bytes failed: Only part of a ReadProcessMemory or WriteProcessMemory request was completed. (0x12B)
[0511/110123.732:WARNING:pe_image_reader.cc(340)] could not read dos header from C:\WINDOWS\SYSTEM32\dxgi.dll
[0511/110123.732:ERROR:process_memory_win.cc(73)] ReadMemory at 0x7ff986940000 of 64 bytes failed: Only part of a ReadProcessMemory or WriteProcessMemory request was completed. (0x12B)
[0511/110123.732:WARNING:pe_image_reader.cc(340)] could not read dos header from C:\WINDOWS\SYSTEM32\WINSPOOL.DRV
[0511/110123.732:ERROR:process_memory_win.cc(73)] ReadMemory at 0x7ff991d90000 of 64 bytes failed: Only part of a ReadProcessMemory or WriteProcessMemory request was completed. (0x12B)
[0511/110123.732:WARNING:pe_image_reader.cc(340)] could not read dos header from C:\WINDOWS\SYSTEM32\dbghelp.dll
[0511/110123.732:ERROR:process_memory_win.cc(73)] ReadMemory at 0x7ff964e20000 of 64 bytes failed: Only part of a ReadProcessMemory or WriteProcessMemory request was completed. (0x12B)
[0511/110123.732:WARNING:pe_image_reader.cc(340)] could not read dos header from C:\WINDOWS\SYSTEM32\USP10.dll
[0511/110123.733:ERROR:process_memory_win.cc(73)] ReadMemory at 0x7ff9869d0000 of 64 bytes failed: Only part of a ReadProcessMemory or WriteProcessMemory request was completed. (0x12B)
[0511/110123.733:WARNING:pe_image_reader.cc(340)] could not read dos header from C:\WINDOWS\WinSxS\amd64_microsoft.windows.common-controls_6595b64144ccf1df_6.0.17134.706_none_fb43a2cb30647007\COMCTL32.dll
[0511/110123.733:ERROR:process_memory_win.cc(73)] ReadMemory at 0x7ff986590000 of 64 bytes failed: Only part of a ReadProcessMemory or WriteProcessMemory request was completed. (0x12B)
[0511/110123.733:WARNING:pe_image_reader.cc(340)] could not read dos header from C:\WINDOWS\SYSTEM32\WINHTTP.dll
[0511/110123.733:ERROR:process_memory_win.cc(73)] ReadMemory at 0x7ff98abc0000 of 64 bytes failed: Only part of a ReadProcessMemory or WriteProcessMemory request was completed. (0x12B)
[0511/110123.733:WARNING:pe_image_reader.cc(340)] could not read dos header from C:\WINDOWS\SYSTEM32\urlmon.dll
[0511/110123.733:ERROR:process_memory_win.cc(73)] ReadMemory at 0x7ff983e70000 of 64 bytes failed: Only part of a ReadProcessMemory or WriteProcessMemory request was completed. (0x12B)
[0511/110123.733:WARNING:pe_image_reader.cc(340)] could not read dos header from C:\WINDOWS\SYSTEM32\Secur32.dll
[0511/110123.733:ERROR:process_memory_win.cc(73)] ReadMemory at 0x7ff988b50000 of 64 bytes failed: Only part of a ReadProcessMemory or WriteProcessMemory request was completed. (0x12B)
[0511/110123.733:WARNING:pe_image_reader.cc(340)] could not read dos header from C:\WINDOWS\SYSTEM32\dhcpcsvc.DLL
[0511/110123.733:ERROR:process_memory_win.cc(73)] ReadMemory at 0x7ff996660000 of 64 bytes failed: Only part of a ReadProcessMemory or WriteProcessMemory request was completed. (0x12B)
[0511/110123.734:WARNING:pe_image_reader.cc(340)] could not read dos header from C:\WINDOWS\System32\NSI.dll
[0511/110123.734:ERROR:process_memory_win.cc(73)] ReadMemory at 0x7ff990ff0000 of 64 bytes failed: Only part of a ReadProcessMemory or WriteProcessMemory request was completed. (0x12B)
[0511/110123.734:WARNING:pe_image_reader.cc(340)] could not read dos header from C:\WINDOWS\SYSTEM32\PROPSYS.dll
[0511/110123.734:ERROR:process_memory_win.cc(73)] ReadMemory at 0x7ff992ea0000 of 64 bytes failed: Only part of a ReadProcessMemory or WriteProcessMemory request was completed. (0x12B)
[0511/110123.734:WARNING:pe_image_reader.cc(340)] could not read dos header from C:\WINDOWS\SYSTEM32\bcrypt.dll
[0511/110123.734:ERROR:process_memory_win.cc(73)] ReadMemory at 0x7ff98af90000 of 64 bytes failed: Only part of a ReadProcessMemory or WriteProcessMemory request was completed. (0x12B)
[0511/110123.735:WARNING:pe_image_reader.cc(340)] could not read dos header from C:\WINDOWS\SYSTEM32\iertutil.dll
[0511/110123.735:ERROR:process_memory_win.cc(73)] ReadMemory at 0x7ff993280000 of 64 bytes failed: Only part of a ReadProcessMemory or WriteProcessMemory request was completed. (0x12B)
[0511/110123.735:WARNING:pe_image_reader.cc(340)] could not read dos header from C:\WINDOWS\SYSTEM32\SSPICLI.DLL
[0511/110123.735:ERROR:process_memory_win.cc(73)] ReadMemory at 0x7ff996bc0000 of 64 bytes failed: Only part of a ReadProcessMemory or WriteProcessMemory request was completed. (0x12B)
[0511/110123.735:WARNING:pe_image_reader.cc(340)] could not read dos header from C:\WINDOWS\System32\SETUPAPI.dll
[0511/110123.735:ERROR:process_memory_win.cc(73)] ReadMemory at 0x7ff993160000 of 64 bytes failed: Only part of a ReadProcessMemory or WriteProcessMemory request was completed. (0x12B)
[0511/110123.735:WARNING:pe_image_reader.cc(340)] could not read dos header from C:\WINDOWS\SYSTEM32\DEVOBJ.dll
[0511/110123.735:ERROR:process_memory_win.cc(73)] ReadMemory at 0x7ff963740000 of 64 bytes failed: Only part of a ReadProcessMemory or WriteProcessMemory request was completed. (0x12B)
[0511/110123.735:WARNING:pe_image_reader.cc(340)] could not read dos header from C:\WINDOWS\SYSTEM32\mf.dll
[0511/110123.736:ERROR:process_memory_win.cc(73)] ReadMemory at 0x7ff96f5c0000 of 64 bytes failed: Only part of a ReadProcessMemory or WriteProcessMemory request was completed. (0x12B)
[0511/110123.736:WARNING:pe_image_reader.cc(340)] could not read dos header from C:\WINDOWS\SYSTEM32\mfplat.dll
[0511/110123.736:ERROR:process_memory_win.cc(73)] ReadMemory at 0x7ff973e40000 of 64 bytes failed: Only part of a ReadProcessMemory or WriteProcessMemory request was completed. (0x12B)
[0511/110123.736:WARNING:pe_image_reader.cc(340)] could not read dos header from C:\WINDOWS\SYSTEM32\RTWorkQ.DLL
[0511/110123.736:ERROR:process_memory_win.cc(73)] ReadMemory at 0x7ff963430000 of 64 bytes failed: Only part of a ReadProcessMemory or WriteProcessMemory request was completed. (0x12B)
[0511/110123.736:WARNING:pe_image_reader.cc(340)] could not read dos header from C:\WINDOWS\SYSTEM32\msmpeg2vdec.dll
[0511/110123.736:ERROR:process_memory_win.cc(73)] ReadMemory at 0x7ff961360000 of 64 bytes failed: Only part of a ReadProcessMemory or WriteProcessMemory request was completed. (0x12B)
[0511/110123.736:WARNING:pe_image_reader.cc(340)] could not read dos header from C:\WINDOWS\SYSTEM32\mfperfhelper.dll
[0511/110123.736:ERROR:process_memory_win.cc(73)] ReadMemory at 0x7ff992d80000 of 64 bytes failed: Only part of a ReadProcessMemory or WriteProcessMemory request was completed. (0x12B)
[0511/110123.737:WARNING:pe_image_reader.cc(340)] could not read dos header from C:\WINDOWS\SYSTEM32\cryptsp.dll
[0511/110123.737:ERROR:process_memory_win.cc(73)] ReadMemory at 0x7ff964c80000 of 64 bytes failed: Only part of a ReadProcessMemory or WriteProcessMemory request was completed. (0x12B)
[0511/110123.737:WARNING:pe_image_reader.cc(340)] could not read dos header from C:\WINDOWS\SYSTEM32\dxva2.dll
[0511/110123.737:ERROR:process_memory_win.cc(73)] ReadMemory at 0x7ff963320000 of 64 bytes failed: Only part of a ReadProcessMemory or WriteProcessMemory request was completed. (0x12B)
[0511/110123.737:WARNING:pe_image_reader.cc(340)] could not read dos header from C:\WINDOWS\SYSTEM32\msvproc.dll
[0511/110123.737:ERROR:process_memory_win.cc(73)] ReadMemory at 0x7ff96cde0000 of 64 bytes failed: Only part of a ReadProcessMemory or WriteProcessMemory request was completed. (0x12B)
[0511/110123.737:WARNING:pe_image_reader.cc(340)] could not read dos header from C:\WINDOWS\SYSTEM32\CompPkgSup.DLL
[0511/110123.737:ERROR:process_memory_win.cc(73)] ReadMemory at 0x7ff98fab0000 of 64 bytes failed: Only part of a ReadProcessMemory or WriteProcessMemory request was completed. (0x12B)
[0511/110123.737:WARNING:pe_image_reader.cc(340)] could not read dos header from C:\WINDOWS\SYSTEM32\D3DCompiler_47.dll
[0511/110123.737:ERROR:process_memory_win.cc(73)] ReadMemory at 0x7ff951dc0000 of 64 bytes failed: Only part of a ReadProcessMemory or WriteProcessMemory request was completed. (0x12B)
[0511/110123.737:WARNING:pe_image_reader.cc(340)] could not read dos header from C:\Program Files (x86)\Google\Chrome\Application\73.0.3683.103\libglesv2.dll
[0511/110123.738:ERROR:process_memory_win.cc(73)] ReadMemory at 0x7ff963000000 of 64 bytes failed: Only part of a ReadProcessMemory or WriteProcessMemory request was completed. (0x12B)
[0511/110123.738:WARNING:pe_image_reader.cc(340)] could not read dos header from C:\WINDOWS\SYSTEM32\d3d9.dll
[0511/110123.738:ERROR:process_memory_win.cc(73)] ReadMemory at 0x7ff991740000 of 64 bytes failed: Only part of a ReadProcessMemory or WriteProcessMemory request was completed. (0x12B)
[0511/110123.738:WARNING:pe_image_reader.cc(340)] could not read dos header from C:\WINDOWS\SYSTEM32\dwmapi.dll
[0511/110123.738:ERROR:process_memory_win.cc(73)] ReadMemory at 0x7ff97c530000 of 64 bytes failed: Only part of a ReadProcessMemory or WriteProcessMemory request was completed. (0x12B)
[0511/110123.738:WARNING:pe_image_reader.cc(340)] could not read dos header from C:\Program Files (x86)\Google\Chrome\Application\73.0.3683.103\libegl.dll
[0511/110123.738:ERROR:process_memory_win.cc(73)] ReadMemory at 0x7ff98fee0000 of 64 bytes failed: Only part of a ReadProcessMemory or WriteProcessMemory request was completed. (0x12B)
[0511/110123.738:WARNING:pe_image_reader.cc(340)] could not read dos header from C:\WINDOWS\SYSTEM32\d3d11.dll
[0511/110123.739:ERROR:process_memory_win.cc(73)] ReadMemory at 0x7ff9907e0000 of 64 bytes failed: Only part of a ReadProcessMemory or WriteProcessMemory request was completed. (0x12B)
[0511/110123.739:WARNING:pe_image_reader.cc(340)] could not read dos header from C:\WINDOWS\SYSTEM32\dcomp.dll
[0511/110123.739:ERROR:process_memory_win.cc(73)] ReadMemory at 0x7ff98d700000 of 64 bytes failed: Only part of a ReadProcessMemory or WriteProcessMemory request was completed. (0x12B)
[0511/110123.739:WARNING:pe_image_reader.cc(340)] could not read dos header from C:\WINDOWS\SYSTEM32\igd10iumd64.dll
[0511/110123.739:ERROR:process_memory_win.cc(73)] ReadMemory at 0x7ff992e70000 of 64 bytes failed: Only part of a ReadProcessMemory or WriteProcessMemory request was completed. (0x12B)
[0511/110123.739:WARNING:pe_image_reader.cc(340)] could not read dos header from C:\WINDOWS\SYSTEM32\ncrypt.dll
[0511/110123.739:ERROR:process_memory_win.cc(73)] ReadMemory at 0x7ff992e30000 of 64 bytes failed: Only part of a ReadProcessMemory or WriteProcessMemory request was completed. (0x12B)
[0511/110123.739:WARNING:pe_image_reader.cc(340)] could not read dos header from C:\WINDOWS\SYSTEM32\NTASN1.dll
[0511/110123.740:ERROR:process_memory_win.cc(73)] ReadMemory at 0x7ff98cd00000 of 64 bytes failed: Only part of a ReadProcessMemory or WriteProcessMemory request was completed. (0x12B)
[0511/110123.740:WARNING:pe_image_reader.cc(340)] could not read dos header from C:\WINDOWS\SYSTEM32\igdusc64.dll
[0511/110123.740:ERROR:process_memory_win.cc(73)] ReadMemory at 0x7ff9944d0000 of 64 bytes failed: Only part of a ReadProcessMemory or WriteProcessMemory request was completed. (0x12B)
[0511/110123.740:WARNING:pe_image_reader.cc(340)] could not read dos header from C:\WINDOWS\System32\clbcatq.dll
[0511/110123.740:ERROR:process_memory_win.cc(73)] ReadMemory at 0x7ff98e990000 of 64 bytes failed: Only part of a ReadProcessMemory or WriteProcessMemory request was completed. (0x12B)
[0511/110123.740:WARNING:pe_image_reader.cc(340)] could not read dos header from C:\Windows\System32\WinTypes.dll
[0511/110123.740:ERROR:process_memory_win.cc(73)] ReadMemory at 0x7ff978cb0000 of 64 bytes failed: Only part of a ReadProcessMemory or WriteProcessMemory request was completed. (0x12B)
[0511/110123.740:WARNING:pe_image_reader.cc(340)] could not read dos header from C:\WINDOWS\SYSTEM32\rometadata.dll
[0511/110123.741:ERROR:process_memory_win.cc(73)] ReadMemory at 0x7ff94af60000 of 64 bytes failed: Only part of a ReadProcessMemory or WriteProcessMemory request was completed. (0x12B)
[0511/110123.741:WARNING:pe_image_reader.cc(340)] could not read dos header from C:\WINDOWS\SYSTEM32\igd11dxva64.dll
[0511/110123.741:ERROR:process_memory_win.cc(73)] ReadMemory at 0x7ff9914b0000 of 64 bytes failed: Only part of a ReadProcessMemory or WriteProcessMemory request was completed. (0x12B)
[0511/110123.741:WARNING:pe_image_reader.cc(340)] could not read dos header from C:\WINDOWS\system32\uxtheme.dll
[0511/110123.741:ERROR:process_memory_win.cc(73)] ReadMemory at 0x7ff9636b0000 of 64 bytes failed: Only part of a ReadProcessMemory or WriteProcessMemory request was completed. (0x12B)
[0511/110123.741:WARNING:pe_image_reader.cc(340)] could not read dos header from C:\Windows\System32\mfh264enc.dll
[0511/110123.741:ERROR:process_memory_win.cc(73)] ReadMemory at 0x7ff996730000 of 64 bytes failed: Only part of a ReadProcessMemory or WriteProcessMemory request was completed. (0x12B)
[0511/110123.741:WARNING:pe_image_reader.cc(340)] could not read dos header from C:\WINDOWS\System32\MSCTF.dll
[0511/110123.954:ERROR:process_memory_win.cc(73)] ReadMemory at 0xfe0bdee000 of 73728 bytes failed: Only part of a ReadProcessMemory or WriteProcessMemory request was completed. (0x12B)
[0511/110123.955:ERROR:process_memory_win.cc(73)] ReadMemory at 0xfe0bffe000 of 8192 bytes failed: Only part of a ReadProcessMemory or WriteProcessMemory request was completed. (0x12B)
[0511/110123.955:ERROR:process_memory_win.cc(73)] ReadMemory at 0xfe0c1fe000 of 8192 bytes failed: Only part of a ReadProcessMemory or WriteProcessMemory request was completed. (0x12B)
[0511/110123.956:ERROR:process_memory_win.cc(73)] ReadMemory at 0xfe0c3fe000 of 8192 bytes failed: Only part of a ReadProcessMemory or WriteProcessMemory request was completed. (0x12B)
[0511/110123.956:ERROR:process_memory_win.cc(73)] ReadMemory at 0xfe0c5fe000 of 8192 bytes failed: Only part of a ReadProcessMemory or WriteProcessMemory request was completed. (0x12B)
[0511/110123.956:ERROR:process_memory_win.cc(73)] ReadMemory at 0xfe0c7fe000 of 8192 bytes failed: Only part of a ReadProcessMemory or WriteProcessMemory request was completed. (0x12B)
[0511/110123.956:ERROR:process_memory_win.cc(73)] ReadMemory at 0xfe0c9fe000 of 8192 bytes failed: Only part of a ReadProcessMemory or WriteProcessMemory request was completed. (0x12B)
[0511/110123.957:ERROR:process_memory_win.cc(73)] ReadMemory at 0xfe0cbfd000 of 12288 bytes failed: Only part of a ReadProcessMemory or WriteProcessMemory request was completed. (0x12B)
[0511/110123.957:ERROR:process_memory_win.cc(73)] ReadMemory at 0xfe0cdff000 of 4096 bytes failed: Only part of a ReadProcessMemory or WriteProcessMemory request was completed. (0x12B)
[0511/110123.988:ERROR:process_memory_win.cc(73)] ReadMemory at 0xfe0cffc000 of 16384 bytes failed: Only part of a ReadProcessMemory or WriteProcessMemory request was completed. (0x12B)
[0511/110123.989:ERROR:process_memory_win.cc(73)] ReadMemory at 0xfe0d9fc000 of 16384 bytes failed: Only part of a ReadProcessMemory or WriteProcessMemory request was completed. (0x12B)
[0511/110123.989:ERROR:process_memory_win.cc(73)] ReadMemory at 0xfe0dbf6000 of 40960 bytes failed: Only part of a ReadProcessMemory or WriteProcessMemory request was completed. (0x12B)
[0511/110123.989:ERROR:process_memory_win.cc(73)] ReadMemory at 0xfe0ddff000 of 4096 bytes failed: Only part of a ReadProcessMemory or WriteProcessMemory request was completed. (0x12B)
[0511/110123.989:ERROR:process_memory_win.cc(73)] ReadMemory at 0xfe0dff6000 of 40960 bytes failed: Only part of a ReadProcessMemory or WriteProcessMemory request was completed. (0x12B)
[0511/110123.990:ERROR:process_memory_win.cc(73)] ReadMemory at 0xfe0e1f6000 of 40960 bytes failed: Only part of a ReadProcessMemory or WriteProcessMemory request was completed. (0x12B)
[0511/110123.990:ERROR:process_memory_win.cc(73)] ReadMemory at 0xfe0d5f0000 of 65536 bytes failed: Only part of a ReadProcessMemory or WriteProcessMemory request was completed. (0x12B)
[0511/110123.991:ERROR:process_memory_win.cc(73)] ReadMemory at 0xfe0d1fd000 of 12288 bytes failed: Only part of a ReadProcessMemory or WriteProcessMemory request was completed. (0x12B)
[0511/110123.991:ERROR:process_memory_win.cc(73)] ReadMemory at 0xfe0d3f5000 of 45056 bytes failed: Only part of a ReadProcessMemory or WriteProcessMemory request was completed. (0x12B)
[0511/110123.991:ERROR:process_memory_win.cc(73)] ReadMemory at 0xfe0ba00000 of 6024 bytes failed: Only part of a ReadProcessMemory or WriteProcessMemory request was completed. (0x12B)
[0511/110123.991:ERROR:process_memory_win.cc(73)] ReadMemory at 0xfe0ba02000 of 6024 bytes failed: Only part of a ReadProcessMemory or WriteProcessMemory request was completed. (0x12B)
[0511/110123.993:ERROR:process_memory_win.cc(73)] ReadMemory at 0xfe0ba04000 of 6024 bytes failed: Only part of a ReadProcessMemory or WriteProcessMemory request was completed. (0x12B)
[0511/110123.993:ERROR:process_memory_win.cc(73)] ReadMemory at 0xfe0ba06000 of 6024 bytes failed: Only part of a ReadProcessMemory or WriteProcessMemory request was completed. (0x12B)
[0511/110123.994:ERROR:process_memory_win.cc(73)] ReadMemory at 0xfe0ba08000 of 6024 bytes failed: Only part of a ReadProcessMemory or WriteProcessMemory request was completed. (0x12B)
[0511/110123.995:ERROR:process_memory_win.cc(73)] ReadMemory at 0xfe0bb36000 of 6024 bytes failed: Only part of a ReadProcessMemory or WriteProcessMemory request was completed. (0x12B)
[0511/110123.995:ERROR:process_memory_win.cc(73)] ReadMemory at 0xfe0bb44000 of 6024 bytes failed: Only part of a ReadProcessMemory or WriteProcessMemory request was completed. (0x12B)
[0511/110124.004:ERROR:process_memory_win.cc(73)] ReadMemory at 0xfe0bb46000 of 6024 bytes failed: Only part of a ReadProcessMemory or WriteProcessMemory request was completed. (0x12B)
[0511/110124.005:ERROR:process_memory_win.cc(73)] ReadMemory at 0xfe0bbd7000 of 852 bytes failed: Only part of a ReadProcessMemory or WriteProcessMemory request was completed. (0x12B)
[0511/110124.006:ERROR:process_memory_win.cc(73)] ReadMemory at 0xfe0bbd8000 of 6024 bytes failed: Only part of a ReadProcessMemory or WriteProcessMemory request was completed. (0x12B)
[0511/110124.006:ERROR:process_memory_win.cc(73)] ReadMemory at 0xfe0bbda000 of 6024 bytes failed: Only part of a ReadProcessMemory or WriteProcessMemory request was completed. (0x12B)
[0511/110124.007:ERROR:process_memory_win.cc(73)] ReadMemory at 0xfe0bbdc000 of 6024 bytes failed: Only part of a ReadProcessMemory or WriteProcessMemory request was completed. (0x12B)
[0511/110124.008:ERROR:process_memory_win.cc(73)] ReadMemory at 0xfe0bbde000 of 6024 bytes failed: Only part of a ReadProcessMemory or WriteProcessMemory request was completed. (0x12B)
[0511/110124.008:ERROR:process_memory_win.cc(73)] ReadMemory at 0xfe0bbe0000 of 6024 bytes failed: Only part of a ReadProcessMemory or WriteProcessMemory request was completed. (0x12B)
[0511/110124.008:ERROR:process_memory_win.cc(73)] ReadMemory at 0xfe0bbe2000 of 6024 bytes failed: Only part of a ReadProcessMemory or WriteProcessMemory request was completed. (0x12B)
[0511/110124.009:ERROR:process_memory_win.cc(73)] ReadMemory at 0xfe0bbe4000 of 6024 bytes failed: Only part of a ReadProcessMemory or WriteProcessMemory request was completed. (0x12B)
[0511/110124.009:ERROR:process_memory_win.cc(73)] ReadMemory at 0xfe0bbe6000 of 6024 bytes failed: Only part of a ReadProcessMemory or WriteProcessMemory request was completed. (0x12B)
[0511/110124.009:ERROR:process_memory_win.cc(73)] ReadMemory at 0xfe0bbe8000 of 6024 bytes failed: Only part of a ReadProcessMemory or WriteProcessMemory request was completed. (0x12B)
[0511/110124.010:ERROR:process_memory_win.cc(73)] ReadMemory at 0xfe0bbea000 of 6024 bytes failed: Only part of a ReadProcessMemory or WriteProcessMemory request was completed. (0x12B)
[0511/110124.010:ERROR:process_memory_win.cc(73)] ReadMemory at 0x2bf122a0000 of 384 bytes failed: Only part of a ReadProcessMemory or WriteProcessMemory request was completed. (0x12B)
[0511/110124.010:ERROR:process_memory_win.cc(73)] ReadMemory at 0x2bf122a0ab0 of 512 bytes failed: Only part of a ReadProcessMemory or WriteProcessMemory request was completed. (0x12B)
[0511/110124.010:ERROR:process_memory_win.cc(73)] ReadMemory at 0x2bf122a0fc0 of 4432 bytes failed: Only part of a ReadProcessMemory or WriteProcessMemory request was completed. (0x12B)
[0511/110124.012:ERROR:process_memory_win.cc(73)] ReadMemory at 0x2bf122a2120 of 1012 bytes failed: Only part of a ReadProcessMemory or WriteProcessMemory request was completed. (0x12B)
[0511/110124.018:ERROR:process_memory_win.cc(73)] ReadMemory at 0x2bf122a2738 of 118 bytes failed: Only part of a ReadProcessMemory or WriteProcessMemory request was completed. (0x12B)
[0511/110124.020:ERROR:process_memory_win.cc(73)] ReadMemory at 0x2bf122a27b0 of 992 bytes failed: Only part of a ReadProcessMemory or WriteProcessMemory request was completed. (0x12B)
[0511/110124.020:ERROR:process_memory_win.cc(73)] ReadMemory at 0x2bf122a2b92 of 118 bytes failed: Only part of a ReadProcessMemory or WriteProcessMemory request was completed. (0x12B)
[0511/110124.020:ERROR:process_memory_win.cc(73)] ReadMemory at 0x2bf122a2c0a of 30 bytes failed: Only part of a ReadProcessMemory or WriteProcessMemory request was completed. (0x12B)
[0511/110124.020:ERROR:process_memory_win.cc(73)] ReadMemory at 0x2bf122a2c40 of 58 bytes failed: Only part of a ReadProcessMemory or WriteProcessMemory request was completed. (0x12B)
[0511/110124.021:ERROR:process_memory_win.cc(73)] ReadMemory at 0x2bf122a2d40 of 132 bytes failed: Only part of a ReadProcessMemory or WriteProcessMemory request was completed. (0x12B)
[0511/110124.021:ERROR:process_memory_win.cc(73)] ReadMemory at 0x2bf122a2ed0 of 132 bytes failed: Only part of a ReadProcessMemory or WriteProcessMemory request was completed. (0x12B)
[0511/110124.022:ERROR:process_memory_win.cc(73)] ReadMemory at 0x2bf122a3470 of 132 bytes failed: Only part of a ReadProcessMemory or WriteProcessMemory request was completed. (0x12B)
[0511/110124.022:ERROR:process_memory_win.cc(73)] ReadMemory at 0x2bf122a3600 of 64 bytes failed: Only part of a ReadProcessMemory or WriteProcessMemory request was completed. (0x12B)
[0511/110124.022:ERROR:process_memory_win.cc(73)] ReadMemory at 0x2bf122a3760 of 132 bytes failed: Only part of a ReadProcessMemory or WriteProcessMemory request was completed. (0x12B)
[0511/110124.022:ERROR:process_memory_win.cc(73)] ReadMemory at 0x2bf122a3960 of 62 bytes failed: Only part of a ReadProcessMemory or WriteProcessMemory request was completed. (0x12B)
[0511/110124.022:ERROR:process_memory_win.cc(73)] ReadMemory at 0x2bf122a3a50 of 132 bytes failed: Only part of a ReadProcessMemory or WriteProcessMemory request was completed. (0x12B)
[0511/110124.023:ERROR:process_memory_win.cc(73)] ReadMemory at 0x2bf122a3be0 of 68 bytes failed: Only part of a ReadProcessMemory or WriteProcessMemory request was completed. (0x12B)
[0511/110124.023:ERROR:process_memory_win.cc(73)] ReadMemory at 0x2bf122a9fe0 of 132 bytes failed: Only part of a ReadProcessMemory or WriteProcessMemory request was completed. (0x12B)
[0511/110124.023:ERROR:process_memory_win.cc(73)] ReadMemory at 0x2bf122aa220 of 132 bytes failed: Only part of a ReadProcessMemory or WriteProcessMemory request was completed. (0x12B)
[0511/110124.023:ERROR:process_memory_win.cc(73)] ReadMemory at 0x2bf122aa3b0 of 62 bytes failed: Only part of a ReadProcessMemory or WriteProcessMemory request was completed. (0x12B)
[0511/110124.023:ERROR:process_memory_win.cc(73)] ReadMemory at 0x2bf122abb30 of 132 bytes failed: Only part of a ReadProcessMemory or WriteProcessMemory request was completed. (0x12B)
[0511/110124.024:ERROR:process_memory_win.cc(73)] ReadMemory at 0x2bf122abcc0 of 60 bytes failed: Only part of a ReadProcessMemory or WriteProcessMemory request was completed. (0x12B)
[0511/110124.025:ERROR:process_memory_win.cc(73)] ReadMemory at 0x2bf122abd10 of 158 bytes failed: Only part of a ReadProcessMemory or WriteProcessMemory request was completed. (0x12B)
[0511/110124.025:ERROR:process_memory_win.cc(73)] ReadMemory at 0x2bf122abf10 of 132 bytes failed: Only part of a ReadProcessMemory or WriteProcessMemory request was completed. (0x12B)
[0511/110124.025:ERROR:process_memory_win.cc(73)] ReadMemory at 0x2bf122ac0a0 of 64 bytes failed: Only part of a ReadProcessMemory or WriteProcessMemory request was completed. (0x12B)
[0511/110124.041:ERROR:process_memory_win.cc(73)] ReadMemory at 0x2bf122ac320 of 132 bytes failed: Only part of a ReadProcessMemory or WriteProcessMemory request was completed. (0x12B)
[0511/110124.042:ERROR:process_memory_win.cc(73)] ReadMemory at 0x2bf122ac4b0 of 64 bytes failed: Only part of a ReadProcessMemory or WriteProcessMemory request was completed. (0x12B)
[0511/110124.042:ERROR:process_memory_win.cc(73)] ReadMemory at 0x2bf122ac500 of 146 bytes failed: Only part of a ReadProcessMemory or WriteProcessMemory request was completed. (0x12B)
[0511/110124.042:ERROR:process_memory_win.cc(73)] ReadMemory at 0x2bf122ac710 of 132 bytes failed: Only part of a ReadProcessMemory or WriteProcessMemory request was completed. (0x12B)
[0511/110124.042:ERROR:process_memory_win.cc(73)] ReadMemory at 0x2bf122ac8a0 of 60 bytes failed: Only part of a ReadProcessMemory or WriteProcessMemory request was completed. (0x12B)
[0511/110124.042:ERROR:process_memory_win.cc(73)] ReadMemory at 0x2bf122acbc0 of 132 bytes failed: Only part of a ReadProcessMemory or WriteProcessMemory request was completed. (0x12B)
[0511/110124.045:ERROR:process_memory_win.cc(73)] ReadMemory at 0x2bf122acd50 of 60 bytes failed: Only part of a ReadProcessMemory or WriteProcessMemory request was completed. (0x12B)
[0511/110124.045:ERROR:process_memory_win.cc(73)] ReadMemory at 0x2bf122acf90 of 132 bytes failed: Only part of a ReadProcessMemory or WriteProcessMemory request was completed. (0x12B)
[0511/110124.045:ERROR:process_memory_win.cc(73)] ReadMemory at 0x2bf122ad120 of 62 bytes failed: Only part of a ReadProcessMemory or WriteProcessMemory request was completed. (0x12B)
[0511/110124.046:ERROR:process_memory_win.cc(73)] ReadMemory at 0x2bf122adc70 of 132 bytes failed: Only part of a ReadProcessMemory or WriteProcessMemory request was completed. (0x12B)
[0511/110124.046:ERROR:process_memory_win.cc(73)] ReadMemory at 0x2bf122ade00 of 80 bytes failed: Only part of a ReadProcessMemory or WriteProcessMemory request was completed. (0x12B)
[0511/110124.046:ERROR:process_memory_win.cc(73)] ReadMemory at 0x2bf122adff0 of 132 bytes failed: Only part of a ReadProcessMemory or WriteProcessMemory request was completed. (0x12B)
[0511/110124.046:ERROR:process_memory_win.cc(73)] ReadMemory at 0x2bf122ae3b0 of 76 bytes failed: Only part of a ReadProcessMemory or WriteProcessMemory request was completed. (0x12B)
[0511/110124.046:ERROR:process_memory_win.cc(73)] ReadMemory at 0x2bf122ae650 of 78 bytes failed: Only part of a ReadProcessMemory or WriteProcessMemory request was completed. (0x12B)
[0511/110124.049:ERROR:process_memory_win.cc(73)] ReadMemory at 0x2bf122ae6b0 of 76 bytes failed: Only part of a ReadProcessMemory or WriteProcessMemory request was completed. (0x12B)
[0511/110124.050:ERROR:process_memory_win.cc(73)] ReadMemory at 0x2bf122aece0 of 132 bytes failed: Only part of a ReadProcessMemory or WriteProcessMemory request was completed. (0x12B)
[0511/110124.050:ERROR:process_memory_win.cc(73)] ReadMemory at 0x2bf122aee60 of 66 bytes failed: Only part of a ReadProcessMemory or WriteProcessMemory request was completed. (0x12B)
[0511/110124.050:ERROR:process_memory_win.cc(73)] ReadMemory at 0x2bf122aef50 of 62 bytes failed: Only part of a ReadProcessMemory or WriteProcessMemory request was completed. (0x12B)
[0511/110124.051:ERROR:process_memory_win.cc(73)] ReadMemory at 0x2bf122aefa0 of 62 bytes failed: Only part of a ReadProcessMemory or WriteProcessMemory request was completed. (0x12B)
[0511/110124.051:ERROR:process_memory_win.cc(73)] ReadMemory at 0x2bf122aeff0 of 64 bytes failed: Only part of a ReadProcessMemory or WriteProcessMemory request was completed. (0x12B)
[0511/110124.051:ERROR:process_memory_win.cc(73)] ReadMemory at 0x2bf122af040 of 60 bytes failed: Only part of a ReadProcessMemory or WriteProcessMemory request was completed. (0x12B)
[0511/110124.051:ERROR:process_memory_win.cc(73)] ReadMemory at 0x2bf122af090 of 62 bytes failed: Only part of a ReadProcessMemory or WriteProcessMemory request was completed. (0x12B)
[0511/110124.052:ERROR:process_memory_win.cc(73)] ReadMemory at 0x2bf122af0e0 of 62 bytes failed: Only part of a ReadProcessMemory or WriteProcessMemory request was completed. (0x12B)
[0511/110124.052:ERROR:process_memory_win.cc(73)] ReadMemory at 0x2bf122af310 of 62 bytes failed: Only part of a ReadProcessMemory or WriteProcessMemory request was completed. (0x12B)
[0511/110124.053:ERROR:process_memory_win.cc(73)] ReadMemory at 0x2bf122af360 of 58 bytes failed: Only part of a ReadProcessMemory or WriteProcessMemory request was completed. (0x12B)
[0511/110124.053:ERROR:process_memory_win.cc(73)] ReadMemory at 0x2bf122af400 of 58 bytes failed: Only part of a ReadProcessMemory or WriteProcessMemory request was completed. (0x12B)
[0511/110124.053:ERROR:process_memory_win.cc(73)] ReadMemory at 0x2bf122af450 of 66 bytes failed: Only part of a ReadProcessMemory or WriteProcessMemory request was completed. (0x12B)
[0511/110124.053:ERROR:process_memory_win.cc(73)] ReadMemory at 0x2bf122af4a0 of 66 bytes failed: Only part of a ReadProcessMemory or WriteProcessMemory request was completed. (0x12B)
[0511/110124.053:ERROR:process_memory_win.cc(73)] ReadMemory at 0x2bf122af4f0 of 64 bytes failed: Only part of a ReadProcessMemory or WriteProcessMemory request was completed. (0x12B)
[0511/110124.054:ERROR:process_memory_win.cc(73)] ReadMemory at 0x2bf122af540 of 60 bytes failed: Only part of a ReadProcessMemory or WriteProcessMemory request was completed. (0x12B)
[0511/110124.054:ERROR:process_memory_win.cc(73)] ReadMemory at 0x2bf122af590 of 60 bytes failed: Only part of a ReadProcessMemory or WriteProcessMemory request was completed. (0x12B)
[0511/110124.054:ERROR:process_memory_win.cc(73)] ReadMemory at 0x2bf122b0740 of 132 bytes failed: Only part of a ReadProcessMemory or WriteProcessMemory request was completed. (0x12B)
[0511/110124.056:ERROR:process_memory_win.cc(73)] ReadMemory at 0x2bf122b0990 of 132 bytes failed: Only part of a ReadProcessMemory or WriteProcessMemory request was completed. (0x12B)
[0511/110124.056:ERROR:process_memory_win.cc(73)] ReadMemory at 0x2bf122b0ac0 of 132 bytes failed: Only part of a ReadProcessMemory or WriteProcessMemory request was completed. (0x12B)
[0511/110124.056:ERROR:process_memory_win.cc(73)] ReadMemory at 0x2bf122b0bf0 of 132 bytes failed: Only part of a ReadProcessMemory or WriteProcessMemory request was completed. (0x12B)
[0511/110124.056:ERROR:process_memory_win.cc(73)] ReadMemory at 0x2bf122b0d20 of 132 bytes failed: Only part of a ReadProcessMemory or WriteProcessMemory request was completed. (0x12B)
[0511/110124.056:ERROR:process_memory_win.cc(73)] ReadMemory at 0x2bf122b0e50 of 132 bytes failed: Only part of a ReadProcessMemory or WriteProcessMemory request was completed. (0x12B)
[0511/110124.056:ERROR:process_memory_win.cc(73)] ReadMemory at 0x2bf122b0f80 of 132 bytes failed: Only part of a ReadProcessMemory or WriteProcessMemory request was completed. (0x12B)
[0511/110124.056:ERROR:process_memory_win.cc(73)] ReadMemory at 0x2bf122b10b0 of 132 bytes failed: Only part of a ReadProcessMemory or WriteProcessMemory request was completed. (0x12B)
[0511/110124.056:ERROR:process_memory_win.cc(73)] ReadMemory at 0x2bf122b11e0 of 132 bytes failed: Only part of a ReadProcessMemory or WriteProcessMemory request was completed. (0x12B)
[0511/110124.060:ERROR:process_memory_win.cc(73)] ReadMemory at 0x2bf122b1310 of 132 bytes failed: Only part of a ReadProcessMemory or WriteProcessMemory request was completed. (0x12B)
[0511/110124.060:ERROR:process_memory_win.cc(73)] ReadMemory at 0x2bf122b1440 of 132 bytes failed: Only part of a ReadProcessMemory or WriteProcessMemory request was completed. (0x12B)
[0511/110124.061:ERROR:process_memory_win.cc(73)] ReadMemory at 0x2bf122b1570 of 132 bytes failed: Only part of a ReadProcessMemory or WriteProcessMemory request was completed. (0x12B)
[0511/110124.061:ERROR:process_memory_win.cc(73)] ReadMemory at 0x2bf122b16a0 of 132 bytes failed: Only part of a ReadProcessMemory or WriteProcessMemory request was completed. (0x12B)
[0511/110124.061:ERROR:process_memory_win.cc(73)] ReadMemory at 0x2bf122b17d0 of 132 bytes failed: Only part of a ReadProcessMemory or WriteProcessMemory request was completed. (0x12B)
[0511/110124.061:ERROR:process_memory_win.cc(73)] ReadMemory at 0x2bf122b1af0 of 152 bytes failed: Only part of a ReadProcessMemory or WriteProcessMemory request was completed. (0x12B)
[0511/110124.062:ERROR:process_memory_win.cc(73)] ReadMemory at 0x2bf122b1ba0 of 246 bytes failed: Only part of a ReadProcessMemory or WriteProcessMemory request was completed. (0x12B)
[0511/110124.062:ERROR:process_memory_win.cc(73)] ReadMemory at 0x2bf122b32b0 of 154 bytes failed: Only part of a ReadProcessMemory or WriteProcessMemory request was completed. (0x12B)
[0511/110124.062:ERROR:process_memory_win.cc(73)] ReadMemory at 0x2bf122b4bc0 of 132 bytes failed: Only part of a ReadProcessMemory or WriteProcessMemory request was completed. (0x12B)
[0511/110124.062:ERROR:process_memory_win.cc(73)] ReadMemory at 0x2bf122b4cf0 of 132 bytes failed: Only part of a ReadProcessMemory or WriteProcessMemory request was completed. (0x12B)
[0511/110124.062:ERROR:process_memory_win.cc(73)] ReadMemory at 0x2bf122b4e20 of 132 bytes failed: Only part of a ReadProcessMemory or WriteProcessMemory request was completed. (0x12B)
[0511/110124.063:ERROR:process_memory_win.cc(73)] ReadMemory at 0x2bf122b4f50 of 132 bytes failed: Only part of a ReadProcessMemory or WriteProcessMemory request was completed. (0x12B)
[0511/110124.063:ERROR:process_memory_win.cc(73)] ReadMemory at 0x2bf122b5080 of 132 bytes failed: Only part of a ReadProcessMemory or WriteProcessMemory request was completed. (0x12B)
[0511/110124.063:ERROR:process_memory_win.cc(73)] ReadMemory at 0x2bf122b51b0 of 132 bytes failed: Only part of a ReadProcessMemory or WriteProcessMemory request was completed. (0x12B)
[0511/110124.063:ERROR:process_memory_win.cc(73)] ReadMemory at 0x2bf122b52e0 of 132 bytes failed: Only part of a ReadProcessMemory or WriteProcessMemory request was completed. (0x12B)
[0511/110124.063:ERROR:process_memory_win.cc(73)] ReadMemory at 0x2bf122b5410 of 132 bytes failed: Only part of a ReadProcessMemory or WriteProcessMemory request was completed. (0x12B)
[0511/110124.064:ERROR:process_memory_win.cc(73)] ReadMemory at 0x2bf122b5540 of 132 bytes failed: Only part of a ReadProcessMemory or WriteProcessMemory request was completed. (0x12B)
[0511/110124.067:ERROR:process_memory_win.cc(73)] ReadMemory at 0x2bf122b5670 of 132 bytes failed: Only part of a ReadProcessMemory or WriteProcessMemory request was completed. (0x12B)
[0511/110124.067:ERROR:process_memory_win.cc(73)] ReadMemory at 0x2bf122b57a0 of 132 bytes failed: Only part of a ReadProcessMemory or WriteProcessMemory request was completed. (0x12B)
[0511/110124.067:ERROR:process_memory_win.cc(73)] ReadMemory at 0x2bf122b58d0 of 132 bytes failed: Only part of a ReadProcessMemory or WriteProcessMemory request was completed. (0x12B)
[0511/110124.079:ERROR:process_memory_win.cc(73)] ReadMemory at 0x2bf122b5a00 of 132 bytes failed: Only part of a ReadProcessMemory or WriteProcessMemory request was completed. (0x12B)
[0511/110124.119:ERROR:process_memory_win.cc(73)] ReadMemory at 0x2bf122b5b30 of 132 bytes failed: Only part of a ReadProcessMemory or WriteProcessMemory request was completed. (0x12B)
[0511/110124.120:ERROR:process_memory_win.cc(73)] ReadMemory at 0x2bf122b5c60 of 132 bytes failed: Only part of a ReadProcessMemory or WriteProcessMemory request was completed. (0x12B)
[0511/110124.120:ERROR:process_memory_win.cc(73)] ReadMemory at 0x2bf122b5d90 of 132 bytes failed: Only part of a ReadProcessMemory or WriteProcessMemory request was completed. (0x12B)
[0511/110124.120:ERROR:process_memory_win.cc(73)] ReadMemory at 0x2bf122b5ec0 of 132 bytes failed: Only part of a ReadProcessMemory or WriteProcessMemory request was completed. (0x12B)
[0511/110124.120:ERROR:process_memory_win.cc(73)] ReadMemory at 0x2bf122b5ff0 of 132 bytes failed: Only part of a ReadProcessMemory or WriteProcessMemory request was completed. (0x12B)
[0511/110124.120:ERROR:process_memory_win.cc(73)] ReadMemory at 0x2bf122b6120 of 132 bytes failed: Only part of a ReadProcessMemory or WriteProcessMemory request was completed. (0x12B)
[0511/110124.121:ERROR:process_memory_win.cc(73)] ReadMemory at 0x2bf122b6380 of 132 bytes failed: Only part of a ReadProcessMemory or WriteProcessMemory request was completed. (0x12B)
[0511/110124.122:ERROR:process_memory_win.cc(73)] ReadMemory at 0x2bf122b64b0 of 132 bytes failed: Only part of a ReadProcessMemory or WriteProcessMemory request was completed. (0x12B)
[0511/110124.122:ERROR:process_memory_win.cc(73)] ReadMemory at 0x2bf122b65e0 of 132 bytes failed: Only part of a ReadProcessMemory or WriteProcessMemory request was completed. (0x12B)
[0511/110124.122:ERROR:process_memory_win.cc(73)] ReadMemory at 0x2bf122b6710 of 132 bytes failed: Only part of a ReadProcessMemory or WriteProcessMemory request was completed. (0x12B)
[0511/110124.122:ERROR:process_memory_win.cc(73)] ReadMemory at 0x2bf122b6840 of 132 bytes failed: Only part of a ReadProcessMemory or WriteProcessMemory request was completed. (0x12B)
[0511/110124.122:ERROR:process_memory_win.cc(73)] ReadMemory at 0x2bf122b6970 of 132 bytes failed: Only part of a ReadProcessMemory or WriteProcessMemory request was completed. (0x12B)
[0511/110124.123:ERROR:process_memory_win.cc(73)] ReadMemory at 0x2bf122b6c6c of 512 bytes failed: Only part of a ReadProcessMemory or WriteProcessMemory request was completed. (0x12B)
[0511/110124.123:ERROR:process_memory_win.cc(73)] ReadMemory at 0x2bf122b80c0 of 72 bytes failed: Only part of a ReadProcessMemory or WriteProcessMemory request was completed. (0x12B)
[0511/110124.123:ERROR:process_memory_win.cc(73)] ReadMemory at 0x2bf122b88a0 of 64 bytes failed: Only part of a ReadProcessMemory or WriteProcessMemory request was completed. (0x12B)
[0511/110124.125:ERROR:process_memory_win.cc(73)] ReadMemory at 0x2bf122b89e0 of 64 bytes failed: Only part of a ReadProcessMemory or WriteProcessMemory request was completed. (0x12B)
[0511/110124.126:ERROR:process_memory_win.cc(73)] ReadMemory at 0x2bf122b8a30 of 60 bytes failed: Only part of a ReadProcessMemory or WriteProcessMemory request was completed. (0x12B)
[0511/110124.126:ERROR:process_memory_win.cc(73)] ReadMemory at 0x2bf122b8ad0 of 62 bytes failed: Only part of a ReadProcessMemory or WriteProcessMemory request was completed. (0x12B)
[0511/110124.126:ERROR:process_memory_win.cc(73)] ReadMemory at 0x2bf122b8d00 of 60 bytes failed: Only part of a ReadProcessMemory or WriteProcessMemory request was completed. (0x12B)
[0511/110124.126:ERROR:process_memory_win.cc(73)] ReadMemory at 0x2bf122b8f30 of 64 bytes failed: Only part of a ReadProcessMemory or WriteProcessMemory request was completed. (0x12B)
[0511/110124.126:ERROR:process_memory_win.cc(73)] ReadMemory at 0x2bf122b9020 of 64 bytes failed: Only part of a ReadProcessMemory or WriteProcessMemory request was completed. (0x12B)
[0511/110124.127:ERROR:process_memory_win.cc(73)] ReadMemory at 0x2bf122b9070 of 66 bytes failed: Only part of a ReadProcessMemory or WriteProcessMemory request was completed. (0x12B)
[0511/110124.127:ERROR:process_memory_win.cc(73)] ReadMemory at 0x2bf122b95c0 of 58 bytes failed: Only part of a ReadProcessMemory or WriteProcessMemory request was completed. (0x12B)
[0511/110124.128:ERROR:process_memory_win.cc(73)] ReadMemory at 0x2bf122b9610 of 58 bytes failed: Only part of a ReadProcessMemory or WriteProcessMemory request was completed. (0x12B)
[0511/110124.130:ERROR:process_memory_win.cc(73)] ReadMemory at 0x2bf122c3010 of 54 bytes failed: Only part of a ReadProcessMemory or WriteProcessMemory request was completed. (0x12B)
[0511/110124.132:ERROR:process_memory_win.cc(73)] ReadMemory at 0x2bf122c30d0 of 52 bytes failed: Only part of a ReadProcessMemory or WriteProcessMemory request was completed. (0x12B)
[0511/110124.133:ERROR:process_memory_win.cc(73)] ReadMemory at 0x2bf122c7b70 of 62 bytes failed: Only part of a ReadProcessMemory or WriteProcessMemory request was completed. (0x12B)
[0511/110124.133:ERROR:process_memory_win.cc(73)] ReadMemory at 0x2bf122c7c60 of 58 bytes failed: Only part of a ReadProcessMemory or WriteProcessMemory request was completed. (0x12B)
[0511/110124.134:ERROR:process_memory_win.cc(73)] ReadMemory at 0x2bf122c7da0 of 60 bytes failed: Only part of a ReadProcessMemory or WriteProcessMemory request was completed. (0x12B)
[0511/110124.134:ERROR:process_memory_win.cc(73)] ReadMemory at 0x2bf122c7e90 of 60 bytes failed: Only part of a ReadProcessMemory or WriteProcessMemory request was completed. (0x12B)
[0511/110124.135:ERROR:process_memory_win.cc(73)] ReadMemory at 0x2bf122c7f30 of 60 bytes failed: Only part of a ReadProcessMemory or WriteProcessMemory request was completed. (0x12B)
[0511/110124.135:ERROR:process_memory_win.cc(73)] ReadMemory at 0x2bf122c8070 of 64 bytes failed: Only part of a ReadProcessMemory or WriteProcessMemory request was completed. (0x12B)
[0511/110124.135:ERROR:process_memory_win.cc(73)] ReadMemory at 0x2bf122c8110 of 64 bytes failed: Only part of a ReadProcessMemory or WriteProcessMemory request was completed. (0x12B)
[0511/110124.135:ERROR:process_memory_win.cc(73)] ReadMemory at 0x2bf122c81b0 of 62 bytes failed: Only part of a ReadProcessMemory or WriteProcessMemory request was completed. (0x12B)
[0511/110124.135:ERROR:process_memory_win.cc(73)] ReadMemory at 0x2bf122c82f0 of 62 bytes failed: Only part of a ReadProcessMemory or WriteProcessMemory request was completed. (0x12B)
[0511/110124.136:ERROR:process_memory_win.cc(73)] ReadMemory at 0x2bf122c8520 of 62 bytes failed: Only part of a ReadProcessMemory or WriteProcessMemory request was completed. (0x12B)
[0511/110124.136:ERROR:process_memory_win.cc(73)] ReadMemory at 0x2bf122c8610 of 60 bytes failed: Only part of a ReadProcessMemory or WriteProcessMemory request was completed. (0x12B)
[0511/110124.136:ERROR:process_memory_win.cc(73)] ReadMemory at 0x2bf122c8660 of 56 bytes failed: Only part of a ReadProcessMemory or WriteProcessMemory request was completed. (0x12B)
[0511/110124.136:ERROR:process_memory_win.cc(73)] ReadMemory at 0x2bf122c86b0 of 64 bytes failed: Only part of a ReadProcessMemory or WriteProcessMemory request was completed. (0x12B)
[0511/110124.140:ERROR:process_memory_win.cc(73)] ReadMemory at 0x2bf122c8840 of 60 bytes failed: Only part of a ReadProcessMemory or WriteProcessMemory request was completed. (0x12B)
[0511/110124.140:ERROR:process_memory_win.cc(73)] ReadMemory at 0x2bf122c89d0 of 64 bytes failed: Only part of a ReadProcessMemory or WriteProcessMemory request was completed. (0x12B)
[0511/110124.140:ERROR:process_memory_win.cc(73)] ReadMemory at 0x2bf122c8a70 of 62 bytes failed: Only part of a ReadProcessMemory or WriteProcessMemory request was completed. (0x12B)
[0511/110124.140:ERROR:process_memory_win.cc(73)] ReadMemory at 0x2bf122c8b80 of 132 bytes failed: Only part of a ReadProcessMemory or WriteProcessMemory request was completed. (0x12B)
[0511/110124.141:ERROR:process_memory_win.cc(73)] ReadMemory at 0x2bf122c8cb0 of 132 bytes failed: Only part of a ReadProcessMemory or WriteProcessMemory request was completed. (0x12B)
[0511/110124.141:ERROR:process_memory_win.cc(73)] ReadMemory at 0x2bf122c8de0 of 132 bytes failed: Only part of a ReadProcessMemory or WriteProcessMemory request was completed. (0x12B)
[0511/110124.141:ERROR:process_memory_win.cc(73)] ReadMemory at 0x2bf122c8f10 of 132 bytes failed: Only part of a ReadProcessMemory or WriteProcessMemory request was completed. (0x12B)
[0511/110124.141:ERROR:process_memory_win.cc(73)] ReadMemory at 0x2bf122c9040 of 132 bytes failed: Only part of a ReadProcessMemory or WriteProcessMemory request was completed. (0x12B)
[0511/110124.141:ERROR:process_memory_win.cc(73)] ReadMemory at 0x2bf122c9170 of 132 bytes failed: Only part of a ReadProcessMemory or WriteProcessMemory request was completed. (0x12B)
[0511/110124.142:ERROR:process_memory_win.cc(73)] ReadMemory at 0x2bf122c92a0 of 132 bytes failed: Only part of a ReadProcessMemory or WriteProcessMemory request was completed. (0x12B)
[0511/110124.142:ERROR:process_memory_win.cc(73)] ReadMemory at 0x2bf122c93d0 of 132 bytes failed: Only part of a ReadProcessMemory or WriteProcessMemory request was completed. (0x12B)
[0511/110124.142:ERROR:process_memory_win.cc(73)] ReadMemory at 0x2bf122c9500 of 132 bytes failed: Only part of a ReadProcessMemory or WriteProcessMemory request was completed. (0x12B)
[0511/110124.142:ERROR:process_memory_win.cc(73)] ReadMemory at 0x2bf122c9630 of 132 bytes failed: Only part of a ReadProcessMemory or WriteProcessMemory request was completed. (0x12B)
[0511/110124.142:ERROR:process_memory_win.cc(73)] ReadMemory at 0x2bf122c9760 of 132 bytes failed: Only part of a ReadProcessMemory or WriteProcessMemory request was completed. (0x12B)
[0511/110124.142:ERROR:process_memory_win.cc(73)] ReadMemory at 0x2bf122c9890 of 132 bytes failed: Only part of a ReadProcessMemory or WriteProcessMemory request was completed. (0x12B)
[0511/110124.143:ERROR:process_memory_win.cc(73)] ReadMemory at 0x2bf122c99c0 of 132 bytes failed: Only part of a ReadProcessMemory or WriteProcessMemory request was completed. (0x12B)
[0511/110124.143:ERROR:process_memory_win.cc(73)] ReadMemory at 0x2bf122c9af0 of 132 bytes failed: Only part of a ReadProcessMemory or WriteProcessMemory request was completed. (0x12B)
[0511/110124.143:ERROR:process_memory_win.cc(73)] ReadMemory at 0x2bf122c9c20 of 132 bytes failed: Only part of a ReadProcessMemory or WriteProcessMemory request was completed. (0x12B)
[0511/110124.143:ERROR:process_memory_win.cc(73)] ReadMemory at 0x2bf122c9d50 of 132 bytes failed: Only part of a ReadProcessMemory or WriteProcessMemory request was completed. (0x12B)
[0511/110124.143:ERROR:process_memory_win.cc(73)] ReadMemory at 0x2bf122c9e80 of 132 bytes failed: Only part of a ReadProcessMemory or WriteProcessMemory request was completed. (0x12B)
[0511/110124.144:ERROR:process_memory_win.cc(73)] ReadMemory at 0x2bf122c9fb0 of 132 bytes failed: Only part of a ReadProcessMemory or WriteProcessMemory request was completed. (0x12B)
[0511/110124.144:ERROR:process_memory_win.cc(73)] ReadMemory at 0x2bf122ca0e0 of 132 bytes failed: Only part of a ReadProcessMemory or WriteProcessMemory request was completed. (0x12B)
[0511/110124.145:ERROR:process_memory_win.cc(73)] ReadMemory at 0x2bf122ca210 of 132 bytes failed: Only part of a ReadProcessMemory or WriteProcessMemory request was completed. (0x12B)
[0511/110124.145:ERROR:process_memory_win.cc(73)] ReadMemory at 0x2bf122ca340 of 132 bytes failed: Only part of a ReadProcessMemory or WriteProcessMemory request was completed. (0x12B)
[0511/110124.145:ERROR:process_memory_win.cc(73)] ReadMemory at 0x2bf122ca470 of 132 bytes failed: Only part of a ReadProcessMemory or WriteProcessMemory request was completed. (0x12B)
[0511/110124.145:ERROR:process_memory_win.cc(73)] ReadMemory at 0x2bf122ca5a0 of 132 bytes failed: Only part of a ReadProcessMemory or WriteProcessMemory request was completed. (0x12B)
[0511/110124.145:ERROR:process_memory_win.cc(73)] ReadMemory at 0x2bf122ca6d0 of 132 bytes failed: Only part of a ReadProcessMemory or WriteProcessMemory request was completed. (0x12B)
[0511/110124.146:ERROR:process_memory_win.cc(73)] ReadMemory at 0x2bf122ca800 of 132 bytes failed: Only part of a ReadProcessMemory or WriteProcessMemory request was completed. (0x12B)
[0511/110124.146:ERROR:process_memory_win.cc(73)] ReadMemory at 0x2bf122e7170 of 60 bytes failed: Only part of a ReadProcessMemory or WriteProcessMemory request was completed. (0x12B)
[0511/110124.146:ERROR:process_memory_win.cc(73)] ReadMemory at 0x2bf122e73f0 of 70 bytes failed: Only part of a ReadProcessMemory or WriteProcessMemory request was completed. (0x12B)
[0511/110124.146:ERROR:process_memory_win.cc(73)] ReadMemory at 0x2bf122e74e0 of 58 bytes failed: Only part of a ReadProcessMemory or WriteProcessMemory request was completed. (0x12B)
[0511/110124.146:ERROR:process_memory_win.cc(73)] ReadMemory at 0x2bf122e7580 of 62 bytes failed: Only part of a ReadProcessMemory or WriteProcessMemory request was completed. (0x12B)
[0511/110124.146:ERROR:process_memory_win.cc(73)] ReadMemory at 0x2bf122e7760 of 62 bytes failed: Only part of a ReadProcessMemory or WriteProcessMemory request was completed. (0x12B)
[0511/110124.150:ERROR:process_memory_win.cc(73)] ReadMemory at 0x2bf122e77b0 of 62 bytes failed: Only part of a ReadProcessMemory or WriteProcessMemory request was completed. (0x12B)
[0511/110124.150:ERROR:process_memory_win.cc(73)] ReadMemory at 0x2bf122e7850 of 68 bytes failed: Only part of a ReadProcessMemory or WriteProcessMemory request was completed. (0x12B)
[0511/110124.150:ERROR:process_memory_win.cc(73)] ReadMemory at 0x2bf122ec280 of 58 bytes failed: Only part of a ReadProcessMemory or WriteProcessMemory request was completed. (0x12B)
[0511/110124.155:ERROR:process_memory_win.cc(73)] ReadMemory at 0x2bf122ec500 of 70 bytes failed: Only part of a ReadProcessMemory or WriteProcessMemory request was completed. (0x12B)
[0511/110124.155:ERROR:process_memory_win.cc(73)] ReadMemory at 0x2bf122ec550 of 60 bytes failed: Only part of a ReadProcessMemory or WriteProcessMemory request was completed. (0x12B)
[0511/110124.156:ERROR:process_memory_win.cc(73)] ReadMemory at 0x2bf122ec5a0 of 58 bytes failed: Only part of a ReadProcessMemory or WriteProcessMemory request was completed. (0x12B)
[0511/110124.156:ERROR:process_memory_win.cc(73)] ReadMemory at 0x2bf122ec5f0 of 60 bytes failed: Only part of a ReadProcessMemory or WriteProcessMemory request was completed. (0x12B)
[0511/110124.156:ERROR:process_memory_win.cc(73)] ReadMemory at 0x2bf122ec960 of 60 bytes failed: Only part of a ReadProcessMemory or WriteProcessMemory request was completed. (0x12B)
[0511/110124.156:ERROR:process_memory_win.cc(73)] ReadMemory at 0x2bf122ece10 of 56 bytes failed: Only part of a ReadProcessMemory or WriteProcessMemory request was completed. (0x12B)
[0511/110124.156:ERROR:process_memory_win.cc(73)] ReadMemory at 0x2bf122eceb0 of 64 bytes failed: Only part of a ReadProcessMemory or WriteProcessMemory request was completed. (0x12B)
[0511/110124.157:ERROR:process_memory_win.cc(73)] ReadMemory at 0x2bf122ef1c0 of 126 bytes failed: Only part of a ReadProcessMemory or WriteProcessMemory request was completed. (0x12B)
[0511/110124.157:ERROR:process_memory_win.cc(73)] ReadMemory at 0x2bf12348780 of 64 bytes failed: Only part of a ReadProcessMemory or WriteProcessMemory request was completed. (0x12B)
[0511/110124.157:ERROR:process_memory_win.cc(73)] ReadMemory at 0x2bf12348820 of 68 bytes failed: Only part of a ReadProcessMemory or WriteProcessMemory request was completed. (0x12B)
[0511/110124.158:ERROR:process_memory_win.cc(73)] ReadMemory at 0x2bf12348960 of 62 bytes failed: Only part of a ReadProcessMemory or WriteProcessMemory request was completed. (0x12B)
[0511/110124.158:ERROR:process_memory_win.cc(73)] ReadMemory at 0x2bf1238b020 of 132 bytes failed: Only part of a ReadProcessMemory or WriteProcessMemory request was completed. (0x12B)
[0511/110124.159:ERROR:process_memory_win.cc(73)] ReadMemory at 0x2bf1238b9a0 of 132 bytes failed: Only part of a ReadProcessMemory or WriteProcessMemory request was completed. (0x12B)
[0511/110124.159:ERROR:process_memory_win.cc(73)] ReadMemory at 0x2bf1238be60 of 132 bytes failed: Only part of a ReadProcessMemory or WriteProcessMemory request was completed. (0x12B)
[0511/110124.160:ERROR:process_memory_win.cc(73)] ReadMemory at 0x2bf1238bf90 of 132 bytes failed: Only part of a ReadProcessMemory or WriteProcessMemory request was completed. (0x12B)
[0511/110124.161:ERROR:process_memory_win.cc(73)] ReadMemory at 0x2bf1238c0c0 of 132 bytes failed: Only part of a ReadProcessMemory or WriteProcessMemory request was completed. (0x12B)
[0511/110124.161:ERROR:process_memory_win.cc(73)] ReadMemory at 0x2bf1238c320 of 132 bytes failed: Only part of a ReadProcessMemory or WriteProcessMemory request was completed. (0x12B)
[0511/110124.161:ERROR:process_memory_win.cc(73)] ReadMemory at 0x2bf123b0fa0 of 512 bytes failed: Only part of a ReadProcessMemory or WriteProcessMemory request was completed. (0x12B)
[0511/110124.161:ERROR:process_memory_win.cc(73)] ReadMemory at 0x2bf1248c750 of 512 bytes failed: Only part of a ReadProcessMemory or WriteProcessMemory request was completed. (0x12B)
[0511/110124.162:ERROR:process_memory_win.cc(73)] ReadMemory at 0x2bf12497030 of 512 bytes failed: Only part of a ReadProcessMemory or WriteProcessMemory request was completed. (0x12B)
[0511/110124.162:ERROR:process_memory_win.cc(73)] ReadMemory at 0x2bf124a33d0 of 512 bytes failed: Only part of a ReadProcessMemory or WriteProcessMemory request was completed. (0x12B)
[0511/110124.162:ERROR:process_memory_win.cc(73)] ReadMemory at 0x2bf1254b5a0 of 512 bytes failed: Only part of a ReadProcessMemory or WriteProcessMemory request was completed. (0x12B)
[0511/110124.162:ERROR:process_memory_win.cc(73)] ReadMemory at 0x2bf13db2cc0 of 512 bytes failed: Only part of a ReadProcessMemory or WriteProcessMemory request was completed. (0x12B)
[0511/110124.162:ERROR:process_memory_win.cc(73)] ReadMemory at 0x2bf13db7100 of 70 bytes failed: Only part of a ReadProcessMemory or WriteProcessMemory request was completed. (0x12B)
[0511/110124.162:ERROR:process_memory_win.cc(73)] ReadMemory at 0x2bf13db7e20 of 62 bytes failed: Only part of a ReadProcessMemory or WriteProcessMemory request was completed. (0x12B)
[0511/110124.163:ERROR:process_memory_win.cc(73)] ReadMemory at 0x2bf13db83c0 of 66 bytes failed: Only part of a ReadProcessMemory or WriteProcessMemory request was completed. (0x12B)
[0511/110124.163:ERROR:process_memory_win.cc(73)] ReadMemory at 0x2bf13dd7eb0 of 512 bytes failed: Only part of a ReadProcessMemory or WriteProcessMemory request was completed. (0x12B)
[0511/110124.163:ERROR:process_memory_win.cc(73)] ReadMemory at 0x2bf13dd8f50 of 512 bytes failed: Only part of a ReadProcessMemory or WriteProcessMemory request was completed. (0x12B)
[0511/110124.163:ERROR:process_memory_win.cc(73)] ReadMemory at 0x2bf13ec0000 of 384 bytes failed: Only part of a ReadProcessMemory or WriteProcessMemory request was completed. (0x12B)
[0511/110124.165:ERROR:process_memory_win.cc(73)] ReadMemory at 0x2bf1906b650 of 512 bytes failed: Only part of a ReadProcessMemory or WriteProcessMemory request was completed. (0x12B)
[0511/110124.166:ERROR:process_memory_win.cc(73)] ReadMemory at 0x2bf195f4da0 of 992 bytes failed: Only part of a ReadProcessMemory or WriteProcessMemory request was completed. (0x12B)
[0511/110124.166:ERROR:process_memory_win.cc(73)] ReadMemory at 0x2bf19631aa0 of 512 bytes failed: Only part of a ReadProcessMemory or WriteProcessMemory request was completed. (0x12B)
[0511/110124.166:ERROR:process_memory_win.cc(73)] ReadMemory at 0x2bf1963c6d0 of 512 bytes failed: Only part of a ReadProcessMemory or WriteProcessMemory request was completed. (0x12B)
[0511/110124.166:ERROR:process_memory_win.cc(73)] ReadMemory at 0x2bf1963d9f0 of 512 bytes failed: Only part of a ReadProcessMemory or WriteProcessMemory request was completed. (0x12B)
[0511/110124.166:ERROR:process_memory_win.cc(73)] ReadMemory at 0x2bf1963dd90 of 512 bytes failed: Only part of a ReadProcessMemory or WriteProcessMemory request was completed. (0x12B)
[0511/110124.166:ERROR:process_memory_win.cc(73)] ReadMemory at 0x2bf1a91fa60 of 512 bytes failed: Only part of a ReadProcessMemory or WriteProcessMemory request was completed. (0x12B)
[0511/110124.170:ERROR:process_memory_win.cc(73)] ReadMemory at 0x2bf1e711920 of 512 bytes failed: Only part of a ReadProcessMemory or WriteProcessMemory request was completed. (0x12B)
[0511/110124.170:ERROR:process_memory_win.cc(73)] ReadMemory at 0x2bf1e778a50 of 512 bytes failed: Only part of a ReadProcessMemory or WriteProcessMemory request was completed. (0x12B)
[0511/110124.171:ERROR:process_memory_win.cc(73)] ReadMemory at 0x2bf2b2fd890 of 512 bytes failed: Only part of a ReadProcessMemory or WriteProcessMemory request was completed. (0x12B)
[0511/110124.171:ERROR:process_memory_win.cc(73)] ReadMemory at 0x2bf2b3f4c50 of 512 bytes failed: Only part of a ReadProcessMemory or WriteProcessMemory request was completed. (0x12B)
[0511/110124.172:ERROR:process_memory_win.cc(73)] ReadMemory at 0x2bf2b62d6b0 of 640 bytes failed: Only part of a ReadProcessMemory or WriteProcessMemory request was completed. (0x12B)
[0511/110124.172:ERROR:process_memory_win.cc(73)] ReadMemory at 0x2bf31f728f0 of 528 bytes failed: Only part of a ReadProcessMemory or WriteProcessMemory request was completed. (0x12B)
[0511/110124.172:ERROR:process_memory_win.cc(73)] ReadMemory at 0x2bf325d7ad0 of 512 bytes failed: Only part of a ReadProcessMemory or WriteProcessMemory request was completed. (0x12B)
[0511/110124.172:ERROR:process_memory_win.cc(73)] ReadMemory at 0x2bf42774888 of 512 bytes failed: Only part of a ReadProcessMemory or WriteProcessMemory request was completed. (0x12B)
[0511/110124.173:ERROR:process_memory_win.cc(73)] ReadMemory at 0x2bf4292b940 of 512 bytes failed: Only part of a ReadProcessMemory or WriteProcessMemory request was completed. (0x12B)
[0511/110124.173:ERROR:process_memory_win.cc(73)] ReadMemory at 0x2bf42b9e6c0 of 512 bytes failed: Only part of a ReadProcessMemory or WriteProcessMemory request was completed. (0x12B)
[0511/110124.173:ERROR:process_memory_win.cc(73)] ReadMemory at 0x2bf42ceb6a0 of 512 bytes failed: Only part of a ReadProcessMemory or WriteProcessMemory request was completed. (0x12B)
[0511/110124.173:ERROR:process_memory_win.cc(73)] ReadMemory at 0x2bf430dd020 of 512 bytes failed: Only part of a ReadProcessMemory or WriteProcessMemory request was completed. (0x12B)
[0511/110124.173:ERROR:process_memory_win.cc(73)] ReadMemory at 0x2bf43341510 of 512 bytes failed: Only part of a ReadProcessMemory or WriteProcessMemory request was completed. (0x12B)
[0511/110124.173:ERROR:process_memory_win.cc(73)] ReadMemory at 0x2bf4b1e6e60 of 512 bytes failed: Only part of a ReadProcessMemory or WriteProcessMemory request was completed. (0x12B)
[0511/110124.174:ERROR:process_memory_win.cc(73)] ReadMemory at 0x2bf4b3eb610 of 512 bytes failed: Only part of a ReadProcessMemory or WriteProcessMemory request was completed. (0x12B)
[0511/110124.174:ERROR:process_memory_win.cc(73)] ReadMemory at 0x7ff9202a904b of 512 bytes failed: Only part of a ReadProcessMemory or WriteProcessMemory request was completed. (0x12B)
[0511/110124.174:ERROR:process_memory_win.cc(73)] ReadMemory at 0x7ff9202a970a of 512 bytes failed: Only part of a ReadProcessMemory or WriteProcessMemory request was completed. (0x12B)
[0511/110124.174:ERROR:process_memory_win.cc(73)] ReadMemory at 0x7ff922a208a0 of 512 bytes failed: Only part of a ReadProcessMemory or WriteProcessMemory request was completed. (0x12B)
[0511/110124.174:ERROR:process_memory_win.cc(73)] ReadMemory at 0x7ff993c89664 of 512 bytes failed: Only part of a ReadProcessMemory or WriteProcessMemory request was completed. (0x12B)
[0511/110124.174:ERROR:process_memory_win.cc(73)] ReadMemory at 0x7ff994590e00 of 512 bytes failed: Only part of a ReadProcessMemory or WriteProcessMemory request was completed. (0x12B)
[0511/110124.176:ERROR:process_memory_win.cc(73)] ReadMemory at 0x7ff9968c84c0 of 512 bytes failed: Only part of a ReadProcessMemory or WriteProcessMemory request was completed. (0x12B)
[0511/110124.176:ERROR:process_memory_win.cc(73)] ReadMemory at 0x7ff9968d0200 of 512 bytes failed: Only part of a ReadProcessMemory or WriteProcessMemory request was completed. (0x12B)
[0511/110124.176:ERROR:process_memory_win.cc(73)] ReadMemory at 0x7ff9968d0b40 of 512 bytes failed: Only part of a ReadProcessMemory or WriteProcessMemory request was completed. (0x12B)
[0511/110124.176:ERROR:process_memory_win.cc(73)] ReadMemory at 0x7ff997040000 of 384 bytes failed: Only part of a ReadProcessMemory or WriteProcessMemory request was completed. (0x12B)
[0511/110124.176:ERROR:process_memory_win.cc(73)] ReadMemory at 0x7ff997056df1 of 512 bytes failed: Only part of a ReadProcessMemory or WriteProcessMemory request was completed. (0x12B)
[0511/110124.176:ERROR:process_memory_win.cc(73)] ReadMemory at 0x7ff997066270 of 512 bytes failed: Only part of a ReadProcessMemory or WriteProcessMemory request was completed. (0x12B)
[0511/110124.177:ERROR:process_memory_win.cc(73)] ReadMemory at 0x7ff9970679f0 of 512 bytes failed: Only part of a ReadProcessMemory or WriteProcessMemory request was completed. (0x12B)
[0511/110124.219:ERROR:process_memory_win.cc(73)] ReadMemory at 0x7ff997067d50 of 512 bytes failed: Only part of a ReadProcessMemory or WriteProcessMemory request was completed. (0x12B)
[0511/110124.220:ERROR:process_memory_win.cc(73)] ReadMemory at 0x7ff9970682e0 of 512 bytes failed: Only part of a ReadProcessMemory or WriteProcessMemory request was completed. (0x12B)
[0511/110124.220:ERROR:process_memory_win.cc(73)] ReadMemory at 0x7ff9970687f0 of 512 bytes failed: Only part of a ReadProcessMemory or WriteProcessMemory request was completed. (0x12B)
[0511/110124.220:ERROR:process_memory_win.cc(73)] ReadMemory at 0x7ff99706a0d0 of 512 bytes failed: Only part of a ReadProcessMemory or WriteProcessMemory request was completed. (0x12B)
[0511/110124.220:ERROR:process_memory_win.cc(73)] ReadMemory at 0x7ff9970da9a4 of 672 bytes failed: Only part of a ReadProcessMemory or WriteProcessMemory request was completed. (0x12B)
[0511/110124.220:ERROR:process_memory_win.cc(73)] ReadMemory at 0x7ff9970dafa4 of 512 bytes failed: Only part of a ReadProcessMemory or WriteProcessMemory request was completed. (0x12B)
[0511/110124.220:ERROR:process_memory_win.cc(73)] ReadMemory at 0x7ff9970de274 of 512 bytes failed: Only part of a ReadProcessMemory or WriteProcessMemory request was completed. (0x12B)
[0511/110124.221:ERROR:process_memory_win.cc(73)] ReadMemory at 0x7ff9971601e0 of 18 bytes failed: Only part of a ReadProcessMemory or WriteProcessMemory request was completed. (0x12B)
[0511/110124.221:ERROR:process_memory_win.cc(73)] ReadMemory at 0x7ff9971965b0 of 40 bytes failed: Only part of a ReadProcessMemory or WriteProcessMemory request was completed. (0x12B)
[0511/110124.221:ERROR:process_memory_win.cc(73)] ReadMemory at 0x7ff997196a08 of 48 bytes failed: Only part of a ReadProcessMemory or WriteProcessMemory request was completed. (0x12B)
[0511/110124.221:ERROR:process_memory_win.cc(73)] ReadMemory at 0x7ff99719c360 of 64 bytes failed: Only part of a ReadProcessMemory or WriteProcessMemory request was completed. (0x12B)
[0511/110124.467:ERROR:scoped_process_suspend.cc(40)] NtResumeProcess: An attempt was made to access an exiting process. (0xc000010a)
